[2015-02-13 13:16:55,634: INFO/MainProcess] beat: Starting...
[2015-02-13 13:21:56,222: INFO/MainProcess] Scheduler: Sending due task scheduler (frappe.tasks.enqueue_scheduler_events)
[2015-02-13 13:26:56,332: INFO/MainProcess] Scheduler: Sending due task scheduler (frappe.tasks.enqueue_scheduler_events)
[2015-02-13 13:31:56,377: INFO/MainProcess] Scheduler: Sending due task scheduler (frappe.tasks.enqueue_scheduler_events)
[2015-02-13 13:36:56,446: INFO/MainProcess] Scheduler: Sending due task scheduler (frappe.tasks.enqueue_scheduler_events)
[2015-02-13 13:41:56,543: INFO/MainProcess] Scheduler: Sending due task scheduler (frappe.tasks.enqueue_scheduler_events)
[2015-02-13 13:46:56,656: INFO/MainProcess] Scheduler: Sending due task scheduler (frappe.tasks.enqueue_scheduler_events)
[2015-02-13 13:51:56,753: INFO/MainProcess] Scheduler: Sending due task scheduler (frappe.tasks.enqueue_scheduler_events)
[2015-02-13 13:56:56,859: INFO/MainProcess] Scheduler: Sending due task scheduler (frappe.tasks.enqueue_scheduler_events)
[2015-02-13 14:01:56,940: INFO/MainProcess] Scheduler: Sending due task scheduler (frappe.tasks.enqueue_scheduler_events)
[2015-02-13 14:06:56,954: INFO/MainProcess] Scheduler: Sending due task scheduler (frappe.tasks.enqueue_scheduler_events)
[2015-02-13 14:11:57,061: INFO/MainProcess] Scheduler: Sending due task scheduler (frappe.tasks.enqueue_scheduler_events)
[2015-02-13 14:16:57,166: INFO/MainProcess] Scheduler: Sending due task scheduler (frappe.tasks.enqueue_scheduler_events)
[2015-02-13 14:21:57,273: INFO/MainProcess] Scheduler: Sending due task scheduler (frappe.tasks.enqueue_scheduler_events)
[2015-02-13 14:26:57,382: INFO/MainProcess] Scheduler: Sending due task scheduler (frappe.tasks.enqueue_scheduler_events)
[2015-02-13 14:31:57,485: INFO/MainProcess] Scheduler: Sending due task scheduler (frappe.tasks.enqueue_scheduler_events)
[2015-02-13 14:36:57,546: INFO/MainProcess] Scheduler: Sending due task scheduler (frappe.tasks.enqueue_scheduler_events)
[2015-02-13 14:41:57,653: INFO/MainProcess] Scheduler: Sending due task scheduler (frappe.tasks.enqueue_scheduler_events)
[2015-02-13 14:46:57,760: INFO/MainProcess] Scheduler: Sending due task scheduler (frappe.tasks.enqueue_scheduler_events)
Stale pidfile exists. Removing it.
[2015-02-13 14:49:58,142: INFO/MainProcess] beat: Starting...
[2015-02-13 14:51:57,851: INFO/MainProcess] Scheduler: Sending due task scheduler (frappe.tasks.enqueue_scheduler_events)
[2015-02-13 14:56:57,965: INFO/MainProcess] Scheduler: Sending due task scheduler (frappe.tasks.enqueue_scheduler_events)
[2015-02-13 15:01:58,069: INFO/MainProcess] Scheduler: Sending due task scheduler (frappe.tasks.enqueue_scheduler_events)
[2015-02-13 15:06:58,087: INFO/MainProcess] Scheduler: Sending due task scheduler (frappe.tasks.enqueue_scheduler_events)
[2015-02-13 15:11:58,138: INFO/MainProcess] Scheduler: Sending due task scheduler (frappe.tasks.enqueue_scheduler_events)
[2015-02-13 15:16:58,238: INFO/MainProcess] Scheduler: Sending due task scheduler (frappe.tasks.enqueue_scheduler_events)
[2015-02-13 15:21:58,390: INFO/MainProcess] Scheduler: Sending due task scheduler (frappe.tasks.enqueue_scheduler_events)
[2015-02-13 15:26:58,403: INFO/MainProcess] Scheduler: Sending due task scheduler (frappe.tasks.enqueue_scheduler_events)
[2015-02-13 15:31:58,515: INFO/MainProcess] Scheduler: Sending due task scheduler (frappe.tasks.enqueue_scheduler_events)
[2015-02-13 15:36:58,604: INFO/MainProcess] Scheduler: Sending due task scheduler (frappe.tasks.enqueue_scheduler_events)
[2015-02-13 15:41:58,715: INFO/MainProcess] Scheduler: Sending due task scheduler (frappe.tasks.enqueue_scheduler_events)
[2015-02-13 15:46:58,741: INFO/MainProcess] Scheduler: Sending due task scheduler (frappe.tasks.enqueue_scheduler_events)
[2015-02-13 15:51:58,770: INFO/MainProcess] Scheduler: Sending due task scheduler (frappe.tasks.enqueue_scheduler_events)
[2015-02-13 15:56:58,817: INFO/MainProcess] Scheduler: Sending due task scheduler (frappe.tasks.enqueue_scheduler_events)
[2015-02-13 16:01:58,927: INFO/MainProcess] Scheduler: Sending due task scheduler (frappe.tasks.enqueue_scheduler_events)
[2015-02-13 16:06:58,937: INFO/MainProcess] Scheduler: Sending due task scheduler (frappe.tasks.enqueue_scheduler_events)
[2015-02-13 16:11:58,949: INFO/MainProcess] Scheduler: Sending due task scheduler (frappe.tasks.enqueue_scheduler_events)
[2015-02-13 16:16:58,988: INFO/MainProcess] Scheduler: Sending due task scheduler (frappe.tasks.enqueue_scheduler_events)
[2015-02-13 16:21:59,093: INFO/MainProcess] Scheduler: Sending due task scheduler (frappe.tasks.enqueue_scheduler_events)
[2015-02-13 16:26:59,202: INFO/MainProcess] Scheduler: Sending due task scheduler (frappe.tasks.enqueue_scheduler_events)
[2015-02-13 16:31:59,319: INFO/MainProcess] Scheduler: Sending due task scheduler (frappe.tasks.enqueue_scheduler_events)
[2015-02-13 16:36:59,429: INFO/MainProcess] Scheduler: Sending due task scheduler (frappe.tasks.enqueue_scheduler_events)
[2015-02-13 16:41:59,538: INFO/MainProcess] Scheduler: Sending due task scheduler (frappe.tasks.enqueue_scheduler_events)
[2015-02-13 16:46:59,603: INFO/MainProcess] Scheduler: Sending due task scheduler (frappe.tasks.enqueue_scheduler_events)
[2015-02-13 16:51:59,731: INFO/MainProcess] Scheduler: Sending due task scheduler (frappe.tasks.enqueue_scheduler_events)
Stale pidfile exists. Removing it.
[2015-02-14 08:11:12,968: INFO/MainProcess] beat: Starting...
[2015-02-14 08:11:13,865: INFO/MainProcess] Scheduler: Sending due task scheduler (frappe.tasks.enqueue_scheduler_events)
[2015-02-14 08:16:13,865: INFO/MainProcess] Scheduler: Sending due task scheduler (frappe.tasks.enqueue_scheduler_events)
[2015-02-14 08:21:13,987: INFO/MainProcess] Scheduler: Sending due task scheduler (frappe.tasks.enqueue_scheduler_events)
[2015-02-14 08:26:14,112: INFO/MainProcess] Scheduler: Sending due task scheduler (frappe.tasks.enqueue_scheduler_events)
[2015-02-14 08:31:14,178: INFO/MainProcess] Scheduler: Sending due task scheduler (frappe.tasks.enqueue_scheduler_events)
[2015-02-14 08:36:14,293: INFO/MainProcess] Scheduler: Sending due task scheduler (frappe.tasks.enqueue_scheduler_events)
[2015-02-14 08:41:14,411: INFO/MainProcess] Scheduler: Sending due task scheduler (frappe.tasks.enqueue_scheduler_events)
[2015-02-14 08:46:14,441: INFO/MainProcess] Scheduler: Sending due task scheduler (frappe.tasks.enqueue_scheduler_events)
[2015-02-14 08:51:14,550: INFO/MainProcess] Scheduler: Sending due task scheduler (frappe.tasks.enqueue_scheduler_events)
[2015-02-14 08:56:14,618: INFO/MainProcess] Scheduler: Sending due task scheduler (frappe.tasks.enqueue_scheduler_events)
[2015-02-14 09:01:14,711: INFO/MainProcess] Scheduler: Sending due task scheduler (frappe.tasks.enqueue_scheduler_events)
[2015-02-14 09:06:14,819: INFO/MainProcess] Scheduler: Sending due task scheduler (frappe.tasks.enqueue_scheduler_events)
[2015-02-14 09:11:14,927: INFO/MainProcess] Scheduler: Sending due task scheduler (frappe.tasks.enqueue_scheduler_events)
[2015-02-14 09:16:15,036: INFO/MainProcess] Scheduler: Sending due task scheduler (frappe.tasks.enqueue_scheduler_events)
[2015-02-14 09:21:15,144: INFO/MainProcess] Scheduler: Sending due task scheduler (frappe.tasks.enqueue_scheduler_events)
[2015-02-14 09:26:15,235: INFO/MainProcess] Scheduler: Sending due task scheduler (frappe.tasks.enqueue_scheduler_events)
[2015-02-14 09:31:15,352: INFO/MainProcess] Scheduler: Sending due task scheduler (frappe.tasks.enqueue_scheduler_events)
[2015-02-14 09:36:15,460: INFO/MainProcess] Scheduler: Sending due task scheduler (frappe.tasks.enqueue_scheduler_events)
[2015-02-14 09:41:15,540: INFO/MainProcess] Scheduler: Sending due task scheduler (frappe.tasks.enqueue_scheduler_events)
[2015-02-14 09:46:15,635: INFO/MainProcess] Scheduler: Sending due task scheduler (frappe.tasks.enqueue_scheduler_events)
[2015-02-14 09:51:15,742: INFO/MainProcess] Scheduler: Sending due task scheduler (frappe.tasks.enqueue_scheduler_events)
[2015-02-14 09:56:15,850: INFO/MainProcess] Scheduler: Sending due task scheduler (frappe.tasks.enqueue_scheduler_events)
[2015-02-14 10:01:15,886: INFO/MainProcess] Scheduler: Sending due task scheduler (frappe.tasks.enqueue_scheduler_events)
[2015-02-14 10:06:15,915: INFO/MainProcess] Scheduler: Sending due task scheduler (frappe.tasks.enqueue_scheduler_events)
[2015-02-14 10:11:16,005: INFO/MainProcess] Scheduler: Sending due task scheduler (frappe.tasks.enqueue_scheduler_events)
[2015-02-14 10:16:16,117: INFO/MainProcess] Scheduler: Sending due task scheduler (frappe.tasks.enqueue_scheduler_events)
[2015-02-14 10:21:16,225: INFO/MainProcess] Scheduler: Sending due task scheduler (frappe.tasks.enqueue_scheduler_events)
[2015-02-14 10:26:16,333: INFO/MainProcess] Scheduler: Sending due task scheduler (frappe.tasks.enqueue_scheduler_events)
[2015-02-14 10:31:16,381: INFO/MainProcess] Scheduler: Sending due task scheduler (frappe.tasks.enqueue_scheduler_events)
[2015-02-14 10:36:16,490: INFO/MainProcess] Scheduler: Sending due task scheduler (frappe.tasks.enqueue_scheduler_events)
[2015-02-14 10:41:16,602: INFO/MainProcess] Scheduler: Sending due task scheduler (frappe.tasks.enqueue_scheduler_events)
[2015-02-14 10:46:16,712: INFO/MainProcess] Scheduler: Sending due task scheduler (frappe.tasks.enqueue_scheduler_events)
[2015-02-14 10:51:16,817: INFO/MainProcess] Scheduler: Sending due task scheduler (frappe.tasks.enqueue_scheduler_events)
[2015-02-14 10:56:16,929: INFO/MainProcess] Scheduler: Sending due task scheduler (frappe.tasks.enqueue_scheduler_events)
[2015-02-14 11:01:17,036: INFO/MainProcess] Scheduler: Sending due task scheduler (frappe.tasks.enqueue_scheduler_events)
[2015-02-14 11:06:17,153: INFO/MainProcess] Scheduler: Sending due task scheduler (frappe.tasks.enqueue_scheduler_events)
[2015-02-14 11:11:17,261: INFO/MainProcess] Scheduler: Sending due task scheduler (frappe.tasks.enqueue_scheduler_events)
[2015-02-14 11:16:17,331: INFO/MainProcess] Scheduler: Sending due task scheduler (frappe.tasks.enqueue_scheduler_events)
[2015-02-14 11:21:17,345: INFO/MainProcess] Scheduler: Sending due task scheduler (frappe.tasks.enqueue_scheduler_events)
[2015-02-14 11:26:17,394: INFO/MainProcess] Scheduler: Sending due task scheduler (frappe.tasks.enqueue_scheduler_events)
[2015-02-14 11:31:17,479: INFO/MainProcess] Scheduler: Sending due task scheduler (frappe.tasks.enqueue_scheduler_events)
[2015-02-14 11:36:17,593: INFO/MainProcess] Scheduler: Sending due task scheduler (frappe.tasks.enqueue_scheduler_events)
[2015-02-14 11:41:17,701: INFO/MainProcess] Scheduler: Sending due task scheduler (frappe.tasks.enqueue_scheduler_events)
[2015-02-14 11:46:17,808: INFO/MainProcess] Scheduler: Sending due task scheduler (frappe.tasks.enqueue_scheduler_events)
[2015-02-14 11:51:17,916: INFO/MainProcess] Scheduler: Sending due task scheduler (frappe.tasks.enqueue_scheduler_events)
[2015-02-14 11:56:18,032: INFO/MainProcess] Scheduler: Sending due task scheduler (frappe.tasks.enqueue_scheduler_events)
[2015-02-14 12:01:18,125: INFO/MainProcess] Scheduler: Sending due task scheduler (frappe.tasks.enqueue_scheduler_events)
[2015-02-14 12:06:18,218: INFO/MainProcess] Scheduler: Sending due task scheduler (frappe.tasks.enqueue_scheduler_events)
[2015-02-14 12:11:18,339: INFO/MainProcess] Scheduler: Sending due task scheduler (frappe.tasks.enqueue_scheduler_events)
[2015-02-14 12:16:18,447: INFO/MainProcess] Scheduler: Sending due task scheduler (frappe.tasks.enqueue_scheduler_events)
[2015-02-14 12:21:18,562: INFO/MainProcess] Scheduler: Sending due task scheduler (frappe.tasks.enqueue_scheduler_events)
[2015-02-14 12:26:18,838: INFO/MainProcess] Scheduler: Sending due task scheduler (frappe.tasks.enqueue_scheduler_events)
[2015-02-14 12:31:18,931: INFO/MainProcess] Scheduler: Sending due task scheduler (frappe.tasks.enqueue_scheduler_events)
[2015-02-14 12:36:19,045: INFO/MainProcess] Scheduler: Sending due task scheduler (frappe.tasks.enqueue_scheduler_events)
[2015-02-14 12:41:19,154: INFO/MainProcess] Scheduler: Sending due task scheduler (frappe.tasks.enqueue_scheduler_events)
[2015-02-14 12:46:19,265: INFO/MainProcess] Scheduler: Sending due task scheduler (frappe.tasks.enqueue_scheduler_events)
[2015-02-14 12:51:19,381: INFO/MainProcess] Scheduler: Sending due task scheduler (frappe.tasks.enqueue_scheduler_events)
[2015-02-14 12:56:19,479: INFO/MainProcess] Scheduler: Sending due task scheduler (frappe.tasks.enqueue_scheduler_events)
[2015-02-14 13:01:19,586: INFO/MainProcess] Scheduler: Sending due task scheduler (frappe.tasks.enqueue_scheduler_events)
[2015-02-14 13:06:19,702: INFO/MainProcess] Scheduler: Sending due task scheduler (frappe.tasks.enqueue_scheduler_events)
[2015-02-14 13:11:19,720: INFO/MainProcess] Scheduler: Sending due task scheduler (frappe.tasks.enqueue_scheduler_events)
[2015-02-14 13:16:19,786: INFO/MainProcess] Scheduler: Sending due task scheduler (frappe.tasks.enqueue_scheduler_events)
[2015-02-14 13:21:19,898: INFO/MainProcess] Scheduler: Sending due task scheduler (frappe.tasks.enqueue_scheduler_events)
[2015-02-14 13:26:20,004: INFO/MainProcess] Scheduler: Sending due task scheduler (frappe.tasks.enqueue_scheduler_events)
[2015-02-14 13:31:20,123: INFO/MainProcess] Scheduler: Sending due task scheduler (frappe.tasks.enqueue_scheduler_events)
[2015-02-14 13:36:20,201: INFO/MainProcess] Scheduler: Sending due task scheduler (frappe.tasks.enqueue_scheduler_events)
[2015-02-14 13:41:20,313: INFO/MainProcess] Scheduler: Sending due task scheduler (frappe.tasks.enqueue_scheduler_events)
[2015-02-14 13:46:20,422: INFO/MainProcess] Scheduler: Sending due task scheduler (frappe.tasks.enqueue_scheduler_events)
[2015-02-14 13:51:20,479: INFO/MainProcess] Scheduler: Sending due task scheduler (frappe.tasks.enqueue_scheduler_events)
[2015-02-14 13:56:20,589: INFO/MainProcess] Scheduler: Sending due task scheduler (frappe.tasks.enqueue_scheduler_events)
[2015-02-14 14:01:20,698: INFO/MainProcess] Scheduler: Sending due task scheduler (frappe.tasks.enqueue_scheduler_events)
[2015-02-14 14:06:20,739: INFO/MainProcess] Scheduler: Sending due task scheduler (frappe.tasks.enqueue_scheduler_events)
[2015-02-14 14:11:20,851: INFO/MainProcess] Scheduler: Sending due task scheduler (frappe.tasks.enqueue_scheduler_events)
[2015-02-14 14:16:20,969: INFO/MainProcess] Scheduler: Sending due task scheduler (frappe.tasks.enqueue_scheduler_events)
[2015-02-14 14:21:21,063: INFO/MainProcess] Scheduler: Sending due task scheduler (frappe.tasks.enqueue_scheduler_events)
[2015-02-14 14:26:21,102: INFO/MainProcess] Scheduler: Sending due task scheduler (frappe.tasks.enqueue_scheduler_events)
[2015-02-14 14:31:21,193: INFO/MainProcess] Scheduler: Sending due task scheduler (frappe.tasks.enqueue_scheduler_events)
[2015-02-14 14:36:21,307: INFO/MainProcess] Scheduler: Sending due task scheduler (frappe.tasks.enqueue_scheduler_events)
Stale pidfile exists. Removing it.
[2015-02-16 08:14:53,213: INFO/MainProcess] beat: Starting...
[2015-02-16 08:14:53,739: INFO/MainProcess] Scheduler: Sending due task scheduler (frappe.tasks.enqueue_scheduler_events)
[2015-02-16 08:19:53,739: INFO/MainProcess] Scheduler: Sending due task scheduler (frappe.tasks.enqueue_scheduler_events)
[2015-02-16 08:24:53,854: INFO/MainProcess] Scheduler: Sending due task scheduler (frappe.tasks.enqueue_scheduler_events)
[2015-02-16 08:29:53,942: INFO/MainProcess] Scheduler: Sending due task scheduler (frappe.tasks.enqueue_scheduler_events)
Stale pidfile exists. Removing it.
[2015-02-16 09:49:51,585: INFO/MainProcess] beat: Starting...
[2015-02-16 09:49:52,221: INFO/MainProcess] Scheduler: Sending due task scheduler (frappe.tasks.enqueue_scheduler_events)
[2015-02-16 09:54:52,381: INFO/MainProcess] Scheduler: Sending due task scheduler (frappe.tasks.enqueue_scheduler_events)
Stale pidfile exists. Removing it.
[2015-02-16 10:01:35,751: INFO/MainProcess] beat: Starting...
[2015-02-16 10:01:36,812: INFO/MainProcess] Scheduler: Sending due task scheduler (frappe.tasks.enqueue_scheduler_events)
[2015-02-16 10:06:36,812: INFO/MainProcess] Scheduler: Sending due task scheduler (frappe.tasks.enqueue_scheduler_events)
[2015-02-16 10:11:36,937: INFO/MainProcess] Scheduler: Sending due task scheduler (frappe.tasks.enqueue_scheduler_events)
[2015-02-16 10:16:36,965: INFO/MainProcess] Scheduler: Sending due task scheduler (frappe.tasks.enqueue_scheduler_events)
[2015-02-16 10:21:37,076: INFO/MainProcess] Scheduler: Sending due task scheduler (frappe.tasks.enqueue_scheduler_events)
[2015-02-16 10:26:37,176: INFO/MainProcess] Scheduler: Sending due task scheduler (frappe.tasks.enqueue_scheduler_events)
[2015-02-16 10:31:37,286: INFO/MainProcess] Scheduler: Sending due task scheduler (frappe.tasks.enqueue_scheduler_events)
[2015-02-16 10:36:37,336: INFO/MainProcess] Scheduler: Sending due task scheduler (frappe.tasks.enqueue_scheduler_events)
[2015-02-16 10:41:37,423: INFO/MainProcess] Scheduler: Sending due task scheduler (frappe.tasks.enqueue_scheduler_events)
[2015-02-16 10:46:37,533: INFO/MainProcess] Scheduler: Sending due task scheduler (frappe.tasks.enqueue_scheduler_events)
[2015-02-16 10:51:37,621: INFO/MainProcess] Scheduler: Sending due task scheduler (frappe.tasks.enqueue_scheduler_events)
[2015-02-16 10:56:37,725: INFO/MainProcess] Scheduler: Sending due task scheduler (frappe.tasks.enqueue_scheduler_events)
[2015-02-16 11:01:37,754: INFO/MainProcess] Scheduler: Sending due task scheduler (frappe.tasks.enqueue_scheduler_events)
[2015-02-16 11:06:37,867: INFO/MainProcess] Scheduler: Sending due task scheduler (frappe.tasks.enqueue_scheduler_events)
[2015-02-16 11:11:37,892: INFO/MainProcess] Scheduler: Sending due task scheduler (frappe.tasks.enqueue_scheduler_events)
[2015-02-16 11:16:37,933: INFO/MainProcess] Scheduler: Sending due task scheduler (frappe.tasks.enqueue_scheduler_events)
[2015-02-16 11:21:38,046: INFO/MainProcess] Scheduler: Sending due task scheduler (frappe.tasks.enqueue_scheduler_events)
[2015-02-16 11:26:38,155: INFO/MainProcess] Scheduler: Sending due task scheduler (frappe.tasks.enqueue_scheduler_events)
[2015-02-16 11:31:38,247: INFO/MainProcess] Scheduler: Sending due task scheduler (frappe.tasks.enqueue_scheduler_events)
[2015-02-16 11:36:38,354: INFO/MainProcess] Scheduler: Sending due task scheduler (frappe.tasks.enqueue_scheduler_events)
[2015-02-16 11:41:38,445: INFO/MainProcess] Scheduler: Sending due task scheduler (frappe.tasks.enqueue_scheduler_events)
[2015-02-16 11:46:38,559: INFO/MainProcess] Scheduler: Sending due task scheduler (frappe.tasks.enqueue_scheduler_events)
[2015-02-16 11:51:38,665: INFO/MainProcess] Scheduler: Sending due task scheduler (frappe.tasks.enqueue_scheduler_events)
[2015-02-16 11:56:38,772: INFO/MainProcess] Scheduler: Sending due task scheduler (frappe.tasks.enqueue_scheduler_events)
[2015-02-16 12:01:38,862: INFO/MainProcess] Scheduler: Sending due task scheduler (frappe.tasks.enqueue_scheduler_events)
[2015-02-16 12:06:38,983: INFO/MainProcess] Scheduler: Sending due task scheduler (frappe.tasks.enqueue_scheduler_events)
[2015-02-16 12:11:39,114: INFO/MainProcess] Scheduler: Sending due task scheduler (frappe.tasks.enqueue_scheduler_events)
[2015-02-16 12:16:39,223: INFO/MainProcess] Scheduler: Sending due task scheduler (frappe.tasks.enqueue_scheduler_events)
[2015-02-16 12:21:39,245: INFO/MainProcess] Scheduler: Sending due task scheduler (frappe.tasks.enqueue_scheduler_events)
[2015-02-16 12:26:39,309: INFO/MainProcess] Scheduler: Sending due task scheduler (frappe.tasks.enqueue_scheduler_events)
[2015-02-16 12:31:39,327: INFO/MainProcess] Scheduler: Sending due task scheduler (frappe.tasks.enqueue_scheduler_events)
[2015-02-16 12:36:39,434: INFO/MainProcess] Scheduler: Sending due task scheduler (frappe.tasks.enqueue_scheduler_events)
[2015-02-16 12:41:39,491: INFO/MainProcess] Scheduler: Sending due task scheduler (frappe.tasks.enqueue_scheduler_events)
[2015-02-16 12:46:39,592: INFO/MainProcess] Scheduler: Sending due task scheduler (frappe.tasks.enqueue_scheduler_events)
[2015-02-16 12:51:39,690: INFO/MainProcess] Scheduler: Sending due task scheduler (frappe.tasks.enqueue_scheduler_events)
[2015-02-16 12:56:39,772: INFO/MainProcess] Scheduler: Sending due task scheduler (frappe.tasks.enqueue_scheduler_events)
[2015-02-16 13:01:39,881: INFO/MainProcess] Scheduler: Sending due task scheduler (frappe.tasks.enqueue_scheduler_events)
[2015-02-16 13:06:40,009: INFO/MainProcess] Scheduler: Sending due task scheduler (frappe.tasks.enqueue_scheduler_events)
[2015-02-16 13:11:40,118: INFO/MainProcess] Scheduler: Sending due task scheduler (frappe.tasks.enqueue_scheduler_events)
[2015-02-16 13:16:40,174: INFO/MainProcess] Scheduler: Sending due task scheduler (frappe.tasks.enqueue_scheduler_events)
[2015-02-16 13:21:40,277: INFO/MainProcess] Scheduler: Sending due task scheduler (frappe.tasks.enqueue_scheduler_events)
[2015-02-16 13:26:40,371: INFO/MainProcess] Scheduler: Sending due task scheduler (frappe.tasks.enqueue_scheduler_events)
[2015-02-16 13:31:40,485: INFO/MainProcess] Scheduler: Sending due task scheduler (frappe.tasks.enqueue_scheduler_events)
[2015-02-16 13:36:40,593: INFO/MainProcess] Scheduler: Sending due task scheduler (frappe.tasks.enqueue_scheduler_events)
[2015-02-16 13:41:40,702: INFO/MainProcess] Scheduler: Sending due task scheduler (frappe.tasks.enqueue_scheduler_events)
[2015-02-16 13:46:40,777: INFO/MainProcess] Scheduler: Sending due task scheduler (frappe.tasks.enqueue_scheduler_events)
[2015-02-16 13:51:40,885: INFO/MainProcess] Scheduler: Sending due task scheduler (frappe.tasks.enqueue_scheduler_events)
[2015-02-16 13:56:40,992: INFO/MainProcess] Scheduler: Sending due task scheduler (frappe.tasks.enqueue_scheduler_events)
[2015-02-16 14:01:41,097: INFO/MainProcess] Scheduler: Sending due task scheduler (frappe.tasks.enqueue_scheduler_events)
[2015-02-16 14:06:41,206: INFO/MainProcess] Scheduler: Sending due task scheduler (frappe.tasks.enqueue_scheduler_events)
[2015-02-16 14:11:41,375: INFO/MainProcess] Scheduler: Sending due task scheduler (frappe.tasks.enqueue_scheduler_events)
[2015-02-16 14:16:41,480: INFO/MainProcess] Scheduler: Sending due task scheduler (frappe.tasks.enqueue_scheduler_events)
[2015-02-16 14:21:41,661: INFO/MainProcess] Scheduler: Sending due task scheduler (frappe.tasks.enqueue_scheduler_events)
[2015-02-16 14:26:41,860: INFO/MainProcess] Scheduler: Sending due task scheduler (frappe.tasks.enqueue_scheduler_events)
[2015-02-16 14:31:41,984: INFO/MainProcess] Scheduler: Sending due task scheduler (frappe.tasks.enqueue_scheduler_events)
[2015-02-16 14:36:42,031: INFO/MainProcess] Scheduler: Sending due task scheduler (frappe.tasks.enqueue_scheduler_events)
[2015-02-16 14:41:42,158: INFO/MainProcess] Scheduler: Sending due task scheduler (frappe.tasks.enqueue_scheduler_events)
[2015-02-16 14:46:42,279: INFO/MainProcess] Scheduler: Sending due task scheduler (frappe.tasks.enqueue_scheduler_events)
[2015-02-16 14:51:42,327: INFO/MainProcess] Scheduler: Sending due task scheduler (frappe.tasks.enqueue_scheduler_events)
[2015-02-16 14:56:42,468: INFO/MainProcess] Scheduler: Sending due task scheduler (frappe.tasks.enqueue_scheduler_events)
[2015-02-16 15:01:42,592: INFO/MainProcess] Scheduler: Sending due task scheduler (frappe.tasks.enqueue_scheduler_events)
[2015-02-16 15:06:42,617: INFO/MainProcess] Scheduler: Sending due task scheduler (frappe.tasks.enqueue_scheduler_events)
[2015-02-16 15:11:42,714: INFO/MainProcess] Scheduler: Sending due task scheduler (frappe.tasks.enqueue_scheduler_events)
[2015-02-16 15:16:42,838: INFO/MainProcess] Scheduler: Sending due task scheduler (frappe.tasks.enqueue_scheduler_events)
[2015-02-16 15:21:42,948: INFO/MainProcess] Scheduler: Sending due task scheduler (frappe.tasks.enqueue_scheduler_events)
[2015-02-16 15:26:43,056: INFO/MainProcess] Scheduler: Sending due task scheduler (frappe.tasks.enqueue_scheduler_events)
[2015-02-16 15:31:43,155: INFO/MainProcess] Scheduler: Sending due task scheduler (frappe.tasks.enqueue_scheduler_events)
[2015-02-16 15:36:43,264: INFO/MainProcess] Scheduler: Sending due task scheduler (frappe.tasks.enqueue_scheduler_events)
[2015-02-16 15:41:43,366: INFO/MainProcess] Scheduler: Sending due task scheduler (frappe.tasks.enqueue_scheduler_events)
[2015-02-16 15:46:43,386: INFO/MainProcess] Scheduler: Sending due task scheduler (frappe.tasks.enqueue_scheduler_events)
[2015-02-16 15:51:43,497: INFO/MainProcess] Scheduler: Sending due task scheduler (frappe.tasks.enqueue_scheduler_events)
[2015-02-16 15:56:43,584: INFO/MainProcess] Scheduler: Sending due task scheduler (frappe.tasks.enqueue_scheduler_events)
[2015-02-16 16:01:43,601: INFO/MainProcess] Scheduler: Sending due task scheduler (frappe.tasks.enqueue_scheduler_events)
[2015-02-16 16:06:43,616: INFO/MainProcess] Scheduler: Sending due task scheduler (frappe.tasks.enqueue_scheduler_events)
[2015-02-16 16:11:43,728: INFO/MainProcess] Scheduler: Sending due task scheduler (frappe.tasks.enqueue_scheduler_events)
[2015-02-16 16:16:43,833: INFO/MainProcess] Scheduler: Sending due task scheduler (frappe.tasks.enqueue_scheduler_events)
[2015-02-16 16:21:43,945: INFO/MainProcess] Scheduler: Sending due task scheduler (frappe.tasks.enqueue_scheduler_events)
[2015-02-16 16:26:43,983: INFO/MainProcess] Scheduler: Sending due task scheduler (frappe.tasks.enqueue_scheduler_events)
[2015-02-16 16:31:44,091: INFO/MainProcess] Scheduler: Sending due task scheduler (frappe.tasks.enqueue_scheduler_events)
[2015-02-16 16:36:44,197: INFO/MainProcess] Scheduler: Sending due task scheduler (frappe.tasks.enqueue_scheduler_events)
[2015-02-16 16:41:44,302: INFO/MainProcess] Scheduler: Sending due task scheduler (frappe.tasks.enqueue_scheduler_events)
[2015-02-16 16:46:44,339: INFO/MainProcess] Scheduler: Sending due task scheduler (frappe.tasks.enqueue_scheduler_events)
[2015-02-16 16:51:44,420: INFO/MainProcess] Scheduler: Sending due task scheduler (frappe.tasks.enqueue_scheduler_events)
[2015-02-16 16:56:44,486: INFO/MainProcess] Scheduler: Sending due task scheduler (frappe.tasks.enqueue_scheduler_events)
[2015-02-16 17:01:44,499: INFO/MainProcess] Scheduler: Sending due task scheduler (frappe.tasks.enqueue_scheduler_events)
[2015-02-16 17:06:44,605: INFO/MainProcess] Scheduler: Sending due task scheduler (frappe.tasks.enqueue_scheduler_events)
Stale pidfile exists. Removing it.
[2015-02-17 08:38:55,635: INFO/MainProcess] beat: Starting...
[2015-02-17 08:38:56,315: ERROR/MainProcess] beat: Connection error: Error 111 connecting to localhost:6379. Connection refused.. Trying again in 2.0 seconds...
[2015-02-17 08:38:58,318: INFO/MainProcess] Scheduler: Sending due task scheduler (frappe.tasks.enqueue_scheduler_events)
[2015-02-17 08:43:58,318: INFO/MainProcess] Scheduler: Sending due task scheduler (frappe.tasks.enqueue_scheduler_events)
[2015-02-17 08:48:58,442: INFO/MainProcess] Scheduler: Sending due task scheduler (frappe.tasks.enqueue_scheduler_events)
[2015-02-17 08:53:58,562: INFO/MainProcess] Scheduler: Sending due task scheduler (frappe.tasks.enqueue_scheduler_events)
[2015-02-17 08:58:58,658: INFO/MainProcess] Scheduler: Sending due task scheduler (frappe.tasks.enqueue_scheduler_events)
[2015-02-17 09:03:58,764: INFO/MainProcess] Scheduler: Sending due task scheduler (frappe.tasks.enqueue_scheduler_events)
[2015-02-17 09:08:59,057: INFO/MainProcess] Scheduler: Sending due task scheduler (frappe.tasks.enqueue_scheduler_events)
[2015-02-17 09:13:59,174: INFO/MainProcess] Scheduler: Sending due task scheduler (frappe.tasks.enqueue_scheduler_events)
[2015-02-17 09:18:59,279: INFO/MainProcess] Scheduler: Sending due task scheduler (frappe.tasks.enqueue_scheduler_events)
[2015-02-17 09:23:59,391: INFO/MainProcess] Scheduler: Sending due task scheduler (frappe.tasks.enqueue_scheduler_events)
[2015-02-17 09:28:59,439: INFO/MainProcess] Scheduler: Sending due task scheduler (frappe.tasks.enqueue_scheduler_events)
[2015-02-17 09:33:59,556: INFO/MainProcess] Scheduler: Sending due task scheduler (frappe.tasks.enqueue_scheduler_events)
[2015-02-17 09:38:59,672: INFO/MainProcess] Scheduler: Sending due task scheduler (frappe.tasks.enqueue_scheduler_events)
[2015-02-17 09:43:59,773: INFO/MainProcess] Scheduler: Sending due task scheduler (frappe.tasks.enqueue_scheduler_events)
[2015-02-17 09:48:59,882: INFO/MainProcess] Scheduler: Sending due task scheduler (frappe.tasks.enqueue_scheduler_events)
[2015-02-17 09:53:59,990: INFO/MainProcess] Scheduler: Sending due task scheduler (frappe.tasks.enqueue_scheduler_events)
[2015-02-17 09:59:00,117: INFO/MainProcess] Scheduler: Sending due task scheduler (frappe.tasks.enqueue_scheduler_events)
[2015-02-17 10:04:00,224: INFO/MainProcess] Scheduler: Sending due task scheduler (frappe.tasks.enqueue_scheduler_events)
[2015-02-17 10:09:00,315: INFO/MainProcess] Scheduler: Sending due task scheduler (frappe.tasks.enqueue_scheduler_events)
[2015-02-17 10:14:00,424: INFO/MainProcess] Scheduler: Sending due task scheduler (frappe.tasks.enqueue_scheduler_events)
[2015-02-17 10:19:00,539: INFO/MainProcess] Scheduler: Sending due task scheduler (frappe.tasks.enqueue_scheduler_events)
[2015-02-17 10:24:00,645: INFO/MainProcess] Scheduler: Sending due task scheduler (frappe.tasks.enqueue_scheduler_events)
[2015-02-17 10:29:00,716: INFO/MainProcess] Scheduler: Sending due task scheduler (frappe.tasks.enqueue_scheduler_events)
[2015-02-17 10:34:00,831: INFO/MainProcess] Scheduler: Sending due task scheduler (frappe.tasks.enqueue_scheduler_events)
[2015-02-17 10:39:00,948: INFO/MainProcess] Scheduler: Sending due task scheduler (frappe.tasks.enqueue_scheduler_events)
[2015-02-17 10:44:01,053: INFO/MainProcess] Scheduler: Sending due task scheduler (frappe.tasks.enqueue_scheduler_events)
[2015-02-17 10:49:01,160: INFO/MainProcess] Scheduler: Sending due task scheduler (frappe.tasks.enqueue_scheduler_events)
[2015-02-17 10:54:01,271: INFO/MainProcess] Scheduler: Sending due task scheduler (frappe.tasks.enqueue_scheduler_events)
[2015-02-17 10:59:01,389: INFO/MainProcess] Scheduler: Sending due task scheduler (frappe.tasks.enqueue_scheduler_events)
[2015-02-17 11:04:01,405: INFO/MainProcess] Scheduler: Sending due task scheduler (frappe.tasks.enqueue_scheduler_events)
[2015-02-17 11:09:01,519: INFO/MainProcess] Scheduler: Sending due task scheduler (frappe.tasks.enqueue_scheduler_events)
[2015-02-17 11:14:01,537: INFO/MainProcess] Scheduler: Sending due task scheduler (frappe.tasks.enqueue_scheduler_events)
[2015-02-17 11:19:01,607: INFO/MainProcess] Scheduler: Sending due task scheduler (frappe.tasks.enqueue_scheduler_events)
[2015-02-17 11:24:01,660: INFO/MainProcess] Scheduler: Sending due task scheduler (frappe.tasks.enqueue_scheduler_events)
[2015-02-17 11:29:01,765: INFO/MainProcess] Scheduler: Sending due task scheduler (frappe.tasks.enqueue_scheduler_events)
[2015-02-17 11:34:01,880: INFO/MainProcess] Scheduler: Sending due task scheduler (frappe.tasks.enqueue_scheduler_events)
[2015-02-17 11:39:01,995: INFO/MainProcess] Scheduler: Sending due task scheduler (frappe.tasks.enqueue_scheduler_events)
[2015-02-17 11:44:02,145: INFO/MainProcess] Scheduler: Sending due task scheduler (frappe.tasks.enqueue_scheduler_events)
[2015-02-17 11:49:02,255: INFO/MainProcess] Scheduler: Sending due task scheduler (frappe.tasks.enqueue_scheduler_events)
[2015-02-17 11:54:02,372: INFO/MainProcess] Scheduler: Sending due task scheduler (frappe.tasks.enqueue_scheduler_events)
[2015-02-17 11:59:02,480: INFO/MainProcess] Scheduler: Sending due task scheduler (frappe.tasks.enqueue_scheduler_events)
[2015-02-17 12:04:02,575: INFO/MainProcess] Scheduler: Sending due task scheduler (frappe.tasks.enqueue_scheduler_events)
[2015-02-17 12:09:02,685: INFO/MainProcess] Scheduler: Sending due task scheduler (frappe.tasks.enqueue_scheduler_events)
[2015-02-17 12:14:02,795: INFO/MainProcess] Scheduler: Sending due task scheduler (frappe.tasks.enqueue_scheduler_events)
[2015-02-17 12:19:02,931: INFO/MainProcess] Scheduler: Sending due task scheduler (frappe.tasks.enqueue_scheduler_events)
[2015-02-17 12:24:03,038: INFO/MainProcess] Scheduler: Sending due task scheduler (frappe.tasks.enqueue_scheduler_events)
[2015-02-17 12:29:03,145: INFO/MainProcess] Scheduler: Sending due task scheduler (frappe.tasks.enqueue_scheduler_events)
[2015-02-17 12:34:03,214: INFO/MainProcess] Scheduler: Sending due task scheduler (frappe.tasks.enqueue_scheduler_events)
[2015-02-17 12:39:03,365: INFO/MainProcess] Scheduler: Sending due task scheduler (frappe.tasks.enqueue_scheduler_events)
[2015-02-17 12:44:03,475: INFO/MainProcess] Scheduler: Sending due task scheduler (frappe.tasks.enqueue_scheduler_events)
[2015-02-17 12:49:03,585: INFO/MainProcess] Scheduler: Sending due task scheduler (frappe.tasks.enqueue_scheduler_events)
[2015-02-17 12:54:03,697: INFO/MainProcess] Scheduler: Sending due task scheduler (frappe.tasks.enqueue_scheduler_events)
[2015-02-17 12:59:03,790: INFO/MainProcess] Scheduler: Sending due task scheduler (frappe.tasks.enqueue_scheduler_events)
[2015-02-17 13:04:03,900: INFO/MainProcess] Scheduler: Sending due task scheduler (frappe.tasks.enqueue_scheduler_events)
[2015-02-17 13:09:04,012: INFO/MainProcess] Scheduler: Sending due task scheduler (frappe.tasks.enqueue_scheduler_events)
[2015-02-17 13:14:04,128: INFO/MainProcess] Scheduler: Sending due task scheduler (frappe.tasks.enqueue_scheduler_events)
[2015-02-17 13:19:04,140: INFO/MainProcess] Scheduler: Sending due task scheduler (frappe.tasks.enqueue_scheduler_events)
[2015-02-17 13:24:04,252: INFO/MainProcess] Scheduler: Sending due task scheduler (frappe.tasks.enqueue_scheduler_events)
[2015-02-17 13:29:04,368: INFO/MainProcess] Scheduler: Sending due task scheduler (frappe.tasks.enqueue_scheduler_events)
[2015-02-17 13:34:04,485: INFO/MainProcess] Scheduler: Sending due task scheduler (frappe.tasks.enqueue_scheduler_events)
[2015-02-17 13:39:04,565: INFO/MainProcess] Scheduler: Sending due task scheduler (frappe.tasks.enqueue_scheduler_events)
[2015-02-17 13:44:04,673: INFO/MainProcess] Scheduler: Sending due task scheduler (frappe.tasks.enqueue_scheduler_events)
[2015-02-17 13:49:04,784: INFO/MainProcess] Scheduler: Sending due task scheduler (frappe.tasks.enqueue_scheduler_events)
[2015-02-17 13:54:04,892: INFO/MainProcess] Scheduler: Sending due task scheduler (frappe.tasks.enqueue_scheduler_events)
[2015-02-17 13:59:05,004: INFO/MainProcess] Scheduler: Sending due task scheduler (frappe.tasks.enqueue_scheduler_events)
[2015-02-17 14:04:05,108: INFO/MainProcess] Scheduler: Sending due task scheduler (frappe.tasks.enqueue_scheduler_events)
[2015-02-17 14:09:05,220: INFO/MainProcess] Scheduler: Sending due task scheduler (frappe.tasks.enqueue_scheduler_events)
[2015-02-17 14:14:05,336: INFO/MainProcess] Scheduler: Sending due task scheduler (frappe.tasks.enqueue_scheduler_events)
[2015-02-17 14:19:05,366: INFO/MainProcess] Scheduler: Sending due task scheduler (frappe.tasks.enqueue_scheduler_events)
[2015-02-17 14:24:05,468: INFO/MainProcess] Scheduler: Sending due task scheduler (frappe.tasks.enqueue_scheduler_events)
[2015-02-17 14:29:05,576: INFO/MainProcess] Scheduler: Sending due task scheduler (frappe.tasks.enqueue_scheduler_events)
[2015-02-17 14:34:05,686: INFO/MainProcess] Scheduler: Sending due task scheduler (frappe.tasks.enqueue_scheduler_events)
[2015-02-17 14:39:05,804: INFO/MainProcess] Scheduler: Sending due task scheduler (frappe.tasks.enqueue_scheduler_events)
[2015-02-17 14:44:05,897: INFO/MainProcess] Scheduler: Sending due task scheduler (frappe.tasks.enqueue_scheduler_events)
[2015-02-17 14:49:05,938: INFO/MainProcess] Scheduler: Sending due task scheduler (frappe.tasks.enqueue_scheduler_events)
[2015-02-17 14:54:05,975: INFO/MainProcess] Scheduler: Sending due task scheduler (frappe.tasks.enqueue_scheduler_events)
[2015-02-17 14:59:06,007: INFO/MainProcess] Scheduler: Sending due task scheduler (frappe.tasks.enqueue_scheduler_events)
[2015-02-17 15:04:06,117: INFO/MainProcess] Scheduler: Sending due task scheduler (frappe.tasks.enqueue_scheduler_events)
[2015-02-17 15:09:06,228: INFO/MainProcess] Scheduler: Sending due task scheduler (frappe.tasks.enqueue_scheduler_events)
[2015-02-17 15:14:06,367: INFO/MainProcess] Scheduler: Sending due task scheduler (frappe.tasks.enqueue_scheduler_events)
[2015-02-17 15:19:06,476: INFO/MainProcess] Scheduler: Sending due task scheduler (frappe.tasks.enqueue_scheduler_events)
[2015-02-17 15:24:06,562: INFO/MainProcess] Scheduler: Sending due task scheduler (frappe.tasks.enqueue_scheduler_events)
[2015-02-17 15:29:06,667: INFO/MainProcess] Scheduler: Sending due task scheduler (frappe.tasks.enqueue_scheduler_events)
[2015-02-17 15:34:06,799: INFO/MainProcess] Scheduler: Sending due task scheduler (frappe.tasks.enqueue_scheduler_events)
[2015-02-17 15:39:06,915: INFO/MainProcess] Scheduler: Sending due task scheduler (frappe.tasks.enqueue_scheduler_events)
[2015-02-17 15:44:07,001: INFO/MainProcess] Scheduler: Sending due task scheduler (frappe.tasks.enqueue_scheduler_events)
[2015-02-17 15:49:07,115: INFO/MainProcess] Scheduler: Sending due task scheduler (frappe.tasks.enqueue_scheduler_events)
[2015-02-17 15:54:07,194: INFO/MainProcess] Scheduler: Sending due task scheduler (frappe.tasks.enqueue_scheduler_events)
[2015-02-17 15:59:07,296: INFO/MainProcess] Scheduler: Sending due task scheduler (frappe.tasks.enqueue_scheduler_events)
[2015-02-17 16:04:07,375: INFO/MainProcess] Scheduler: Sending due task scheduler (frappe.tasks.enqueue_scheduler_events)
[2015-02-17 16:09:07,483: INFO/MainProcess] Scheduler: Sending due task scheduler (frappe.tasks.enqueue_scheduler_events)
[2015-02-17 16:14:07,593: INFO/MainProcess] Scheduler: Sending due task scheduler (frappe.tasks.enqueue_scheduler_events)
[2015-02-17 16:19:07,656: INFO/MainProcess] Scheduler: Sending due task scheduler (frappe.tasks.enqueue_scheduler_events)
[2015-02-17 16:24:07,747: INFO/MainProcess] Scheduler: Sending due task scheduler (frappe.tasks.enqueue_scheduler_events)
[2015-02-17 16:29:07,856: INFO/MainProcess] Scheduler: Sending due task scheduler (frappe.tasks.enqueue_scheduler_events)
[2015-02-17 16:34:07,967: INFO/MainProcess] Scheduler: Sending due task scheduler (frappe.tasks.enqueue_scheduler_events)
[2015-02-17 16:39:08,054: INFO/MainProcess] Scheduler: Sending due task scheduler (frappe.tasks.enqueue_scheduler_events)
[2015-02-17 16:44:08,379: INFO/MainProcess] Scheduler: Sending due task scheduler (frappe.tasks.enqueue_scheduler_events)
[2015-02-17 16:49:08,491: INFO/MainProcess] Scheduler: Sending due task scheduler (frappe.tasks.enqueue_scheduler_events)
[2015-02-17 16:54:08,566: INFO/MainProcess] Scheduler: Sending due task scheduler (frappe.tasks.enqueue_scheduler_events)
[2015-02-17 16:59:08,672: INFO/MainProcess] Scheduler: Sending due task scheduler (frappe.tasks.enqueue_scheduler_events)
[2015-02-17 17:04:08,685: INFO/MainProcess] Scheduler: Sending due task scheduler (frappe.tasks.enqueue_scheduler_events)
Stale pidfile exists. Removing it.
[2015-02-18 08:35:11,690: INFO/MainProcess] beat: Starting...
[2015-02-18 08:35:12,303: INFO/MainProcess] Scheduler: Sending due task scheduler (frappe.tasks.enqueue_scheduler_events)
[2015-02-18 08:40:12,428: INFO/MainProcess] Scheduler: Sending due task scheduler (frappe.tasks.enqueue_scheduler_events)
[2015-02-18 08:45:12,552: INFO/MainProcess] Scheduler: Sending due task scheduler (frappe.tasks.enqueue_scheduler_events)
[2015-02-18 08:50:12,676: INFO/MainProcess] Scheduler: Sending due task scheduler (frappe.tasks.enqueue_scheduler_events)
[2015-02-18 08:55:12,960: INFO/MainProcess] Scheduler: Sending due task scheduler (frappe.tasks.enqueue_scheduler_events)
[2015-02-18 09:00:13,090: INFO/MainProcess] Scheduler: Sending due task scheduler (frappe.tasks.enqueue_scheduler_events)
[2015-02-18 09:05:13,131: INFO/MainProcess] Scheduler: Sending due task scheduler (frappe.tasks.enqueue_scheduler_events)
[2015-02-18 09:10:13,238: INFO/MainProcess] Scheduler: Sending due task scheduler (frappe.tasks.enqueue_scheduler_events)
[2015-02-18 09:15:13,344: INFO/MainProcess] Scheduler: Sending due task scheduler (frappe.tasks.enqueue_scheduler_events)
[2015-02-18 09:20:13,450: INFO/MainProcess] Scheduler: Sending due task scheduler (frappe.tasks.enqueue_scheduler_events)
[2015-02-18 09:25:13,556: INFO/MainProcess] Scheduler: Sending due task scheduler (frappe.tasks.enqueue_scheduler_events)
[2015-02-18 09:30:13,619: INFO/MainProcess] Scheduler: Sending due task scheduler (frappe.tasks.enqueue_scheduler_events)
[2015-02-18 09:35:13,726: INFO/MainProcess] Scheduler: Sending due task scheduler (frappe.tasks.enqueue_scheduler_events)
[2015-02-18 09:40:13,771: INFO/MainProcess] Scheduler: Sending due task scheduler (frappe.tasks.enqueue_scheduler_events)
[2015-02-18 09:45:13,828: INFO/MainProcess] Scheduler: Sending due task scheduler (frappe.tasks.enqueue_scheduler_events)
[2015-02-18 09:50:13,937: INFO/MainProcess] Scheduler: Sending due task scheduler (frappe.tasks.enqueue_scheduler_events)
[2015-02-18 09:55:14,032: INFO/MainProcess] Scheduler: Sending due task scheduler (frappe.tasks.enqueue_scheduler_events)
[2015-02-18 10:00:14,246: INFO/MainProcess] Scheduler: Sending due task scheduler (frappe.tasks.enqueue_scheduler_events)
[2015-02-18 10:05:14,343: INFO/MainProcess] Scheduler: Sending due task scheduler (frappe.tasks.enqueue_scheduler_events)
[2015-02-18 10:10:14,379: INFO/MainProcess] Scheduler: Sending due task scheduler (frappe.tasks.enqueue_scheduler_events)
[2015-02-18 10:15:14,491: INFO/MainProcess] Scheduler: Sending due task scheduler (frappe.tasks.enqueue_scheduler_events)
[2015-02-18 10:20:14,589: INFO/MainProcess] Scheduler: Sending due task scheduler (frappe.tasks.enqueue_scheduler_events)
[2015-02-18 10:25:14,698: INFO/MainProcess] Scheduler: Sending due task scheduler (frappe.tasks.enqueue_scheduler_events)
[2015-02-18 10:30:14,807: INFO/MainProcess] Scheduler: Sending due task scheduler (frappe.tasks.enqueue_scheduler_events)
[2015-02-18 10:35:14,823: INFO/MainProcess] Scheduler: Sending due task scheduler (frappe.tasks.enqueue_scheduler_events)
[2015-02-18 10:40:14,933: INFO/MainProcess] Scheduler: Sending due task scheduler (frappe.tasks.enqueue_scheduler_events)
[2015-02-18 10:45:15,038: INFO/MainProcess] Scheduler: Sending due task scheduler (frappe.tasks.enqueue_scheduler_events)
[2015-02-18 10:50:15,121: INFO/MainProcess] Scheduler: Sending due task scheduler (frappe.tasks.enqueue_scheduler_events)
[2015-02-18 10:55:15,203: INFO/MainProcess] Scheduler: Sending due task scheduler (frappe.tasks.enqueue_scheduler_events)
[2015-02-18 11:00:15,313: INFO/MainProcess] Scheduler: Sending due task scheduler (frappe.tasks.enqueue_scheduler_events)
[2015-02-18 11:05:15,422: INFO/MainProcess] Scheduler: Sending due task scheduler (frappe.tasks.enqueue_scheduler_events)
[2015-02-18 11:10:15,512: INFO/MainProcess] Scheduler: Sending due task scheduler (frappe.tasks.enqueue_scheduler_events)
[2015-02-18 11:15:15,623: INFO/MainProcess] Scheduler: Sending due task scheduler (frappe.tasks.enqueue_scheduler_events)
[2015-02-18 11:20:15,724: INFO/MainProcess] Scheduler: Sending due task scheduler (frappe.tasks.enqueue_scheduler_events)
[2015-02-18 11:25:15,828: INFO/MainProcess] Scheduler: Sending due task scheduler (frappe.tasks.enqueue_scheduler_events)
[2015-02-18 11:30:15,940: INFO/MainProcess] Scheduler: Sending due task scheduler (frappe.tasks.enqueue_scheduler_events)
[2015-02-18 11:35:16,053: INFO/MainProcess] Scheduler: Sending due task scheduler (frappe.tasks.enqueue_scheduler_events)
[2015-02-18 11:40:16,165: INFO/MainProcess] Scheduler: Sending due task scheduler (frappe.tasks.enqueue_scheduler_events)
[2015-02-18 11:45:16,271: INFO/MainProcess] Scheduler: Sending due task scheduler (frappe.tasks.enqueue_scheduler_events)
[2015-02-18 11:50:16,322: INFO/MainProcess] Scheduler: Sending due task scheduler (frappe.tasks.enqueue_scheduler_events)
[2015-02-18 11:55:16,439: INFO/MainProcess] Scheduler: Sending due task scheduler (frappe.tasks.enqueue_scheduler_events)
[2015-02-18 12:00:16,546: INFO/MainProcess] Scheduler: Sending due task scheduler (frappe.tasks.enqueue_scheduler_events)
[2015-02-18 12:05:16,938: INFO/MainProcess] Scheduler: Sending due task scheduler (frappe.tasks.enqueue_scheduler_events)
[2015-02-18 12:10:16,963: INFO/MainProcess] Scheduler: Sending due task scheduler (frappe.tasks.enqueue_scheduler_events)
[2015-02-18 12:15:17,072: INFO/MainProcess] Scheduler: Sending due task scheduler (frappe.tasks.enqueue_scheduler_events)
[2015-02-18 12:20:17,139: INFO/MainProcess] Scheduler: Sending due task scheduler (frappe.tasks.enqueue_scheduler_events)
[2015-02-18 12:25:17,203: INFO/MainProcess] Scheduler: Sending due task scheduler (frappe.tasks.enqueue_scheduler_events)
[2015-02-18 12:30:17,288: INFO/MainProcess] Scheduler: Sending due task scheduler (frappe.tasks.enqueue_scheduler_events)
[2015-02-18 12:35:17,322: INFO/MainProcess] Scheduler: Sending due task scheduler (frappe.tasks.enqueue_scheduler_events)
[2015-02-18 12:40:17,449: INFO/MainProcess] Scheduler: Sending due task scheduler (frappe.tasks.enqueue_scheduler_events)
[2015-02-18 12:45:17,476: INFO/MainProcess] Scheduler: Sending due task scheduler (frappe.tasks.enqueue_scheduler_events)
[2015-02-18 12:50:17,551: INFO/MainProcess] Scheduler: Sending due task scheduler (frappe.tasks.enqueue_scheduler_events)
[2015-02-18 12:55:17,661: INFO/MainProcess] Scheduler: Sending due task scheduler (frappe.tasks.enqueue_scheduler_events)
[2015-02-18 13:00:17,763: INFO/MainProcess] Scheduler: Sending due task scheduler (frappe.tasks.enqueue_scheduler_events)
[2015-02-18 13:05:17,875: INFO/MainProcess] Scheduler: Sending due task scheduler (frappe.tasks.enqueue_scheduler_events)
[2015-02-18 13:10:17,971: INFO/MainProcess] Scheduler: Sending due task scheduler (frappe.tasks.enqueue_scheduler_events)
[2015-02-18 13:15:18,014: INFO/MainProcess] Scheduler: Sending due task scheduler (frappe.tasks.enqueue_scheduler_events)
[2015-02-18 13:20:18,075: INFO/MainProcess] Scheduler: Sending due task scheduler (frappe.tasks.enqueue_scheduler_events)
[2015-02-18 13:25:18,174: INFO/MainProcess] Scheduler: Sending due task scheduler (frappe.tasks.enqueue_scheduler_events)
[2015-02-18 13:30:18,276: INFO/MainProcess] Scheduler: Sending due task scheduler (frappe.tasks.enqueue_scheduler_events)
[2015-02-18 13:35:18,399: INFO/MainProcess] Scheduler: Sending due task scheduler (frappe.tasks.enqueue_scheduler_events)
[2015-02-18 13:40:18,515: INFO/MainProcess] Scheduler: Sending due task scheduler (frappe.tasks.enqueue_scheduler_events)
[2015-02-18 13:45:18,624: INFO/MainProcess] Scheduler: Sending due task scheduler (frappe.tasks.enqueue_scheduler_events)
[2015-02-18 13:50:18,693: INFO/MainProcess] Scheduler: Sending due task scheduler (frappe.tasks.enqueue_scheduler_events)
[2015-02-18 13:55:18,800: INFO/MainProcess] Scheduler: Sending due task scheduler (frappe.tasks.enqueue_scheduler_events)
[2015-02-18 14:00:18,902: INFO/MainProcess] Scheduler: Sending due task scheduler (frappe.tasks.enqueue_scheduler_events)
[2015-02-18 14:05:18,942: INFO/MainProcess] Scheduler: Sending due task scheduler (frappe.tasks.enqueue_scheduler_events)
[2015-02-18 14:10:19,047: INFO/MainProcess] Scheduler: Sending due task scheduler (frappe.tasks.enqueue_scheduler_events)
[2015-02-18 14:15:19,063: INFO/MainProcess] Scheduler: Sending due task scheduler (frappe.tasks.enqueue_scheduler_events)
[2015-02-18 14:20:19,162: INFO/MainProcess] Scheduler: Sending due task scheduler (frappe.tasks.enqueue_scheduler_events)
[2015-02-18 14:25:19,265: INFO/MainProcess] Scheduler: Sending due task scheduler (frappe.tasks.enqueue_scheduler_events)
[2015-02-18 14:30:19,351: INFO/MainProcess] Scheduler: Sending due task scheduler (frappe.tasks.enqueue_scheduler_events)
[2015-02-18 14:35:19,451: INFO/MainProcess] Scheduler: Sending due task scheduler (frappe.tasks.enqueue_scheduler_events)
[2015-02-18 14:40:19,583: INFO/MainProcess] Scheduler: Sending due task scheduler (frappe.tasks.enqueue_scheduler_events)
[2015-02-18 14:45:19,741: INFO/MainProcess] Scheduler: Sending due task scheduler (frappe.tasks.enqueue_scheduler_events)
[2015-02-18 14:50:19,847: INFO/MainProcess] Scheduler: Sending due task scheduler (frappe.tasks.enqueue_scheduler_events)
[2015-02-18 14:55:19,932: INFO/MainProcess] Scheduler: Sending due task scheduler (frappe.tasks.enqueue_scheduler_events)
[2015-02-18 15:00:20,092: INFO/MainProcess] Scheduler: Sending due task scheduler (frappe.tasks.enqueue_scheduler_events)
[2015-02-18 15:05:20,155: INFO/MainProcess] Scheduler: Sending due task scheduler (frappe.tasks.enqueue_scheduler_events)
[2015-02-18 15:10:20,265: INFO/MainProcess] Scheduler: Sending due task scheduler (frappe.tasks.enqueue_scheduler_events)
[2015-02-18 15:15:20,301: INFO/MainProcess] Scheduler: Sending due task scheduler (frappe.tasks.enqueue_scheduler_events)
[2015-02-18 15:20:20,393: INFO/MainProcess] Scheduler: Sending due task scheduler (frappe.tasks.enqueue_scheduler_events)
[2015-02-18 15:25:20,492: INFO/MainProcess] Scheduler: Sending due task scheduler (frappe.tasks.enqueue_scheduler_events)
[2015-02-18 15:30:20,597: INFO/MainProcess] Scheduler: Sending due task scheduler (frappe.tasks.enqueue_scheduler_events)
[2015-02-18 15:35:20,706: INFO/MainProcess] Scheduler: Sending due task scheduler (frappe.tasks.enqueue_scheduler_events)
[2015-02-18 15:40:20,805: INFO/MainProcess] Scheduler: Sending due task scheduler (frappe.tasks.enqueue_scheduler_events)
[2015-02-18 15:45:20,911: INFO/MainProcess] Scheduler: Sending due task scheduler (frappe.tasks.enqueue_scheduler_events)
[2015-02-18 15:50:21,053: INFO/MainProcess] Scheduler: Sending due task scheduler (frappe.tasks.enqueue_scheduler_events)
[2015-02-18 15:55:21,100: INFO/MainProcess] Scheduler: Sending due task scheduler (frappe.tasks.enqueue_scheduler_events)
[2015-02-18 16:00:21,213: INFO/MainProcess] Scheduler: Sending due task scheduler (frappe.tasks.enqueue_scheduler_events)
[2015-02-18 16:05:21,281: INFO/MainProcess] Scheduler: Sending due task scheduler (frappe.tasks.enqueue_scheduler_events)
[2015-02-18 16:10:21,387: INFO/MainProcess] Scheduler: Sending due task scheduler (frappe.tasks.enqueue_scheduler_events)
[2015-02-18 16:15:21,486: INFO/MainProcess] Scheduler: Sending due task scheduler (frappe.tasks.enqueue_scheduler_events)
[2015-02-18 16:20:21,577: INFO/MainProcess] Scheduler: Sending due task scheduler (frappe.tasks.enqueue_scheduler_events)
[2015-02-18 16:25:21,651: INFO/MainProcess] Scheduler: Sending due task scheduler (frappe.tasks.enqueue_scheduler_events)
[2015-02-18 16:30:21,757: INFO/MainProcess] Scheduler: Sending due task scheduler (frappe.tasks.enqueue_scheduler_events)
[2015-02-18 16:35:21,795: INFO/MainProcess] Scheduler: Sending due task scheduler (frappe.tasks.enqueue_scheduler_events)
[2015-02-18 16:40:21,902: INFO/MainProcess] Scheduler: Sending due task scheduler (frappe.tasks.enqueue_scheduler_events)
[2015-02-18 16:45:22,003: INFO/MainProcess] Scheduler: Sending due task scheduler (frappe.tasks.enqueue_scheduler_events)
[2015-02-18 16:50:22,113: INFO/MainProcess] Scheduler: Sending due task scheduler (frappe.tasks.enqueue_scheduler_events)
[2015-02-18 16:55:22,131: INFO/MainProcess] Scheduler: Sending due task scheduler (frappe.tasks.enqueue_scheduler_events)
[2015-02-18 17:00:22,236: INFO/MainProcess] Scheduler: Sending due task scheduler (frappe.tasks.enqueue_scheduler_events)
Stale pidfile exists. Removing it.
[2015-02-19 08:04:56,533: INFO/MainProcess] beat: Starting...
[2015-02-19 08:04:57,022: INFO/MainProcess] Scheduler: Sending due task scheduler (frappe.tasks.enqueue_scheduler_events)
[2015-02-19 08:09:57,023: INFO/MainProcess] Scheduler: Sending due task scheduler (frappe.tasks.enqueue_scheduler_events)
[2015-02-19 08:14:57,146: INFO/MainProcess] Scheduler: Sending due task scheduler (frappe.tasks.enqueue_scheduler_events)
[2015-02-19 08:19:57,276: INFO/MainProcess] Scheduler: Sending due task scheduler (frappe.tasks.enqueue_scheduler_events)
[2015-02-19 08:24:57,378: INFO/MainProcess] Scheduler: Sending due task scheduler (frappe.tasks.enqueue_scheduler_events)
[2015-02-19 08:29:57,501: INFO/MainProcess] Scheduler: Sending due task scheduler (frappe.tasks.enqueue_scheduler_events)
[2015-02-19 08:34:57,580: INFO/MainProcess] Scheduler: Sending due task scheduler (frappe.tasks.enqueue_scheduler_events)
[2015-02-19 08:39:57,627: INFO/MainProcess] Scheduler: Sending due task scheduler (frappe.tasks.enqueue_scheduler_events)
[2015-02-19 08:44:57,683: INFO/MainProcess] Scheduler: Sending due task scheduler (frappe.tasks.enqueue_scheduler_events)
[2015-02-19 08:49:57,791: INFO/MainProcess] Scheduler: Sending due task scheduler (frappe.tasks.enqueue_scheduler_events)
[2015-02-19 08:54:57,869: INFO/MainProcess] Scheduler: Sending due task scheduler (frappe.tasks.enqueue_scheduler_events)
[2015-02-19 08:59:57,932: INFO/MainProcess] Scheduler: Sending due task scheduler (frappe.tasks.enqueue_scheduler_events)
[2015-02-19 09:04:58,078: INFO/MainProcess] Scheduler: Sending due task scheduler (frappe.tasks.enqueue_scheduler_events)
[2015-02-19 09:09:58,190: INFO/MainProcess] Scheduler: Sending due task scheduler (frappe.tasks.enqueue_scheduler_events)
[2015-02-19 09:14:58,285: INFO/MainProcess] Scheduler: Sending due task scheduler (frappe.tasks.enqueue_scheduler_events)
[2015-02-19 09:19:58,386: INFO/MainProcess] Scheduler: Sending due task scheduler (frappe.tasks.enqueue_scheduler_events)
[2015-02-19 09:24:58,473: INFO/MainProcess] Scheduler: Sending due task scheduler (frappe.tasks.enqueue_scheduler_events)
[2015-02-19 09:29:58,558: INFO/MainProcess] Scheduler: Sending due task scheduler (frappe.tasks.enqueue_scheduler_events)
[2015-02-19 09:34:58,682: INFO/MainProcess] Scheduler: Sending due task scheduler (frappe.tasks.enqueue_scheduler_events)
[2015-02-19 09:39:58,716: INFO/MainProcess] Scheduler: Sending due task scheduler (frappe.tasks.enqueue_scheduler_events)
[2015-02-19 09:44:58,811: INFO/MainProcess] Scheduler: Sending due task scheduler (frappe.tasks.enqueue_scheduler_events)
[2015-02-19 09:49:58,893: INFO/MainProcess] Scheduler: Sending due task scheduler (frappe.tasks.enqueue_scheduler_events)
[2015-02-19 09:54:59,004: INFO/MainProcess] Scheduler: Sending due task scheduler (frappe.tasks.enqueue_scheduler_events)
[2015-02-19 09:59:59,110: INFO/MainProcess] Scheduler: Sending due task scheduler (frappe.tasks.enqueue_scheduler_events)
[2015-02-19 10:04:59,167: INFO/MainProcess] Scheduler: Sending due task scheduler (frappe.tasks.enqueue_scheduler_events)
[2015-02-19 10:09:59,272: INFO/MainProcess] Scheduler: Sending due task scheduler (frappe.tasks.enqueue_scheduler_events)
[2015-02-19 10:14:59,390: INFO/MainProcess] Scheduler: Sending due task scheduler (frappe.tasks.enqueue_scheduler_events)
[2015-02-19 10:19:59,505: INFO/MainProcess] Scheduler: Sending due task scheduler (frappe.tasks.enqueue_scheduler_events)
[2015-02-19 10:24:59,625: INFO/MainProcess] Scheduler: Sending due task scheduler (frappe.tasks.enqueue_scheduler_events)
[2015-02-19 10:29:59,742: INFO/MainProcess] Scheduler: Sending due task scheduler (frappe.tasks.enqueue_scheduler_events)
[2015-02-19 10:34:59,766: INFO/MainProcess] Scheduler: Sending due task scheduler (frappe.tasks.enqueue_scheduler_events)
[2015-02-19 10:39:59,788: INFO/MainProcess] Scheduler: Sending due task scheduler (frappe.tasks.enqueue_scheduler_events)
[2015-02-19 10:44:59,888: INFO/MainProcess] Scheduler: Sending due task scheduler (frappe.tasks.enqueue_scheduler_events)
[2015-02-19 10:49:59,997: INFO/MainProcess] Scheduler: Sending due task scheduler (frappe.tasks.enqueue_scheduler_events)
[2015-02-19 10:55:00,108: INFO/MainProcess] Scheduler: Sending due task scheduler (frappe.tasks.enqueue_scheduler_events)
[2015-02-19 11:00:00,213: INFO/MainProcess] Scheduler: Sending due task scheduler (frappe.tasks.enqueue_scheduler_events)
[2015-02-19 11:05:00,323: INFO/MainProcess] Scheduler: Sending due task scheduler (frappe.tasks.enqueue_scheduler_events)
[2015-02-19 11:10:00,431: INFO/MainProcess] Scheduler: Sending due task scheduler (frappe.tasks.enqueue_scheduler_events)
[2015-02-19 11:15:00,542: INFO/MainProcess] Scheduler: Sending due task scheduler (frappe.tasks.enqueue_scheduler_events)
[2015-02-19 11:20:00,650: INFO/MainProcess] Scheduler: Sending due task scheduler (frappe.tasks.enqueue_scheduler_events)
[2015-02-19 11:25:00,759: INFO/MainProcess] Scheduler: Sending due task scheduler (frappe.tasks.enqueue_scheduler_events)
[2015-02-19 11:30:00,867: INFO/MainProcess] Scheduler: Sending due task scheduler (frappe.tasks.enqueue_scheduler_events)
[2015-02-19 11:35:00,944: INFO/MainProcess] Scheduler: Sending due task scheduler (frappe.tasks.enqueue_scheduler_events)
[2015-02-19 11:40:01,042: INFO/MainProcess] Scheduler: Sending due task scheduler (frappe.tasks.enqueue_scheduler_events)
[2015-02-19 11:45:01,091: INFO/MainProcess] Scheduler: Sending due task scheduler (frappe.tasks.enqueue_scheduler_events)
[2015-02-19 11:50:01,198: INFO/MainProcess] Scheduler: Sending due task scheduler (frappe.tasks.enqueue_scheduler_events)
[2015-02-19 11:55:01,212: INFO/MainProcess] Scheduler: Sending due task scheduler (frappe.tasks.enqueue_scheduler_events)
[2015-02-19 12:00:01,284: INFO/MainProcess] Scheduler: Sending due task scheduler (frappe.tasks.enqueue_scheduler_events)
[2015-02-19 12:05:01,389: INFO/MainProcess] Scheduler: Sending due task scheduler (frappe.tasks.enqueue_scheduler_events)
[2015-02-19 12:10:01,499: INFO/MainProcess] Scheduler: Sending due task scheduler (frappe.tasks.enqueue_scheduler_events)
[2015-02-19 12:15:01,594: INFO/MainProcess] Scheduler: Sending due task scheduler (frappe.tasks.enqueue_scheduler_events)
[2015-02-19 12:20:01,705: INFO/MainProcess] Scheduler: Sending due task scheduler (frappe.tasks.enqueue_scheduler_events)
[2015-02-19 12:25:01,746: INFO/MainProcess] Scheduler: Sending due task scheduler (frappe.tasks.enqueue_scheduler_events)
[2015-02-19 12:30:01,857: INFO/MainProcess] Scheduler: Sending due task scheduler (frappe.tasks.enqueue_scheduler_events)
[2015-02-19 12:35:01,966: INFO/MainProcess] Scheduler: Sending due task scheduler (frappe.tasks.enqueue_scheduler_events)
[2015-02-19 12:40:02,073: INFO/MainProcess] Scheduler: Sending due task scheduler (frappe.tasks.enqueue_scheduler_events)
[2015-02-19 12:45:02,175: INFO/MainProcess] Scheduler: Sending due task scheduler (frappe.tasks.enqueue_scheduler_events)
[2015-02-19 12:50:02,283: INFO/MainProcess] Scheduler: Sending due task scheduler (frappe.tasks.enqueue_scheduler_events)
[2015-02-19 12:55:02,391: INFO/MainProcess] Scheduler: Sending due task scheduler (frappe.tasks.enqueue_scheduler_events)
[2015-02-19 13:00:02,500: INFO/MainProcess] Scheduler: Sending due task scheduler (frappe.tasks.enqueue_scheduler_events)
[2015-02-19 13:05:02,605: INFO/MainProcess] Scheduler: Sending due task scheduler (frappe.tasks.enqueue_scheduler_events)
[2015-02-19 13:10:02,716: INFO/MainProcess] Scheduler: Sending due task scheduler (frappe.tasks.enqueue_scheduler_events)
[2015-02-19 13:15:02,821: INFO/MainProcess] Scheduler: Sending due task scheduler (frappe.tasks.enqueue_scheduler_events)
[2015-02-19 13:20:02,931: INFO/MainProcess] Scheduler: Sending due task scheduler (frappe.tasks.enqueue_scheduler_events)
[2015-02-19 13:25:03,041: INFO/MainProcess] Scheduler: Sending due task scheduler (frappe.tasks.enqueue_scheduler_events)
[2015-02-19 13:30:03,150: INFO/MainProcess] Scheduler: Sending due task scheduler (frappe.tasks.enqueue_scheduler_events)
[2015-02-19 13:35:03,257: INFO/MainProcess] Scheduler: Sending due task scheduler (frappe.tasks.enqueue_scheduler_events)
[2015-02-19 13:40:03,367: INFO/MainProcess] Scheduler: Sending due task scheduler (frappe.tasks.enqueue_scheduler_events)
[2015-02-19 13:45:03,468: INFO/MainProcess] Scheduler: Sending due task scheduler (frappe.tasks.enqueue_scheduler_events)
[2015-02-19 13:50:03,490: INFO/MainProcess] Scheduler: Sending due task scheduler (frappe.tasks.enqueue_scheduler_events)
[2015-02-19 13:55:03,576: INFO/MainProcess] Scheduler: Sending due task scheduler (frappe.tasks.enqueue_scheduler_events)
[2015-02-19 14:00:03,680: INFO/MainProcess] Scheduler: Sending due task scheduler (frappe.tasks.enqueue_scheduler_events)
[2015-02-19 14:05:03,765: INFO/MainProcess] Scheduler: Sending due task scheduler (frappe.tasks.enqueue_scheduler_events)
[2015-02-19 14:10:03,873: INFO/MainProcess] Scheduler: Sending due task scheduler (frappe.tasks.enqueue_scheduler_events)
[2015-02-19 14:15:03,929: INFO/MainProcess] Scheduler: Sending due task scheduler (frappe.tasks.enqueue_scheduler_events)
[2015-02-19 14:20:04,038: INFO/MainProcess] Scheduler: Sending due task scheduler (frappe.tasks.enqueue_scheduler_events)
[2015-02-19 14:25:04,107: INFO/MainProcess] Scheduler: Sending due task scheduler (frappe.tasks.enqueue_scheduler_events)
[2015-02-19 14:30:04,209: INFO/MainProcess] Scheduler: Sending due task scheduler (frappe.tasks.enqueue_scheduler_events)
[2015-02-19 14:35:04,323: INFO/MainProcess] Scheduler: Sending due task scheduler (frappe.tasks.enqueue_scheduler_events)
[2015-02-19 14:40:04,385: INFO/MainProcess] Scheduler: Sending due task scheduler (frappe.tasks.enqueue_scheduler_events)
[2015-02-19 14:45:04,402: INFO/MainProcess] Scheduler: Sending due task scheduler (frappe.tasks.enqueue_scheduler_events)
[2015-02-19 14:50:04,485: INFO/MainProcess] Scheduler: Sending due task scheduler (frappe.tasks.enqueue_scheduler_events)
[2015-02-19 14:55:04,593: INFO/MainProcess] Scheduler: Sending due task scheduler (frappe.tasks.enqueue_scheduler_events)
[2015-02-19 15:00:04,701: INFO/MainProcess] Scheduler: Sending due task scheduler (frappe.tasks.enqueue_scheduler_events)
[2015-02-19 15:05:04,816: INFO/MainProcess] Scheduler: Sending due task scheduler (frappe.tasks.enqueue_scheduler_events)
[2015-02-19 15:10:04,933: INFO/MainProcess] Scheduler: Sending due task scheduler (frappe.tasks.enqueue_scheduler_events)
[2015-02-19 15:15:05,010: INFO/MainProcess] Scheduler: Sending due task scheduler (frappe.tasks.enqueue_scheduler_events)
[2015-02-19 15:20:05,076: INFO/MainProcess] Scheduler: Sending due task scheduler (frappe.tasks.enqueue_scheduler_events)
[2015-02-19 15:25:05,181: INFO/MainProcess] Scheduler: Sending due task scheduler (frappe.tasks.enqueue_scheduler_events)
[2015-02-19 15:30:05,310: INFO/MainProcess] Scheduler: Sending due task scheduler (frappe.tasks.enqueue_scheduler_events)
[2015-02-19 15:35:05,413: INFO/MainProcess] Scheduler: Sending due task scheduler (frappe.tasks.enqueue_scheduler_events)
[2015-02-19 15:40:05,511: INFO/MainProcess] Scheduler: Sending due task scheduler (frappe.tasks.enqueue_scheduler_events)
[2015-02-19 15:45:05,694: INFO/MainProcess] Scheduler: Sending due task scheduler (frappe.tasks.enqueue_scheduler_events)
[2015-02-19 15:50:05,803: INFO/MainProcess] Scheduler: Sending due task scheduler (frappe.tasks.enqueue_scheduler_events)
[2015-02-19 15:55:05,896: INFO/MainProcess] Scheduler: Sending due task scheduler (frappe.tasks.enqueue_scheduler_events)
[2015-02-19 16:00:06,002: INFO/MainProcess] Scheduler: Sending due task scheduler (frappe.tasks.enqueue_scheduler_events)
[2015-02-19 16:05:06,116: INFO/MainProcess] Scheduler: Sending due task scheduler (frappe.tasks.enqueue_scheduler_events)
[2015-02-19 16:10:06,314: INFO/MainProcess] Scheduler: Sending due task scheduler (frappe.tasks.enqueue_scheduler_events)
[2015-02-19 16:15:06,425: INFO/MainProcess] Scheduler: Sending due task scheduler (frappe.tasks.enqueue_scheduler_events)
[2015-02-19 16:20:06,476: INFO/MainProcess] Scheduler: Sending due task scheduler (frappe.tasks.enqueue_scheduler_events)
[2015-02-19 16:25:06,585: INFO/MainProcess] Scheduler: Sending due task scheduler (frappe.tasks.enqueue_scheduler_events)
[2015-02-19 16:30:06,695: INFO/MainProcess] Scheduler: Sending due task scheduler (frappe.tasks.enqueue_scheduler_events)
[2015-02-19 16:35:06,785: INFO/MainProcess] Scheduler: Sending due task scheduler (frappe.tasks.enqueue_scheduler_events)
[2015-02-19 16:40:06,858: INFO/MainProcess] Scheduler: Sending due task scheduler (frappe.tasks.enqueue_scheduler_events)
[2015-02-19 16:45:06,966: INFO/MainProcess] Scheduler: Sending due task scheduler (frappe.tasks.enqueue_scheduler_events)
[2015-02-19 16:50:07,046: INFO/MainProcess] Scheduler: Sending due task scheduler (frappe.tasks.enqueue_scheduler_events)
[2015-02-19 16:55:07,153: INFO/MainProcess] Scheduler: Sending due task scheduler (frappe.tasks.enqueue_scheduler_events)
[2015-02-19 17:00:07,245: INFO/MainProcess] Scheduler: Sending due task scheduler (frappe.tasks.enqueue_scheduler_events)
[2015-02-19 17:05:07,402: INFO/MainProcess] Scheduler: Sending due task scheduler (frappe.tasks.enqueue_scheduler_events)
[2015-02-19 17:10:07,513: INFO/MainProcess] Scheduler: Sending due task scheduler (frappe.tasks.enqueue_scheduler_events)
[2015-02-19 17:15:07,627: INFO/MainProcess] Scheduler: Sending due task scheduler (frappe.tasks.enqueue_scheduler_events)
[2015-02-19 17:20:07,733: INFO/MainProcess] Scheduler: Sending due task scheduler (frappe.tasks.enqueue_scheduler_events)
[2015-02-19 17:25:07,831: INFO/MainProcess] Scheduler: Sending due task scheduler (frappe.tasks.enqueue_scheduler_events)
[2015-02-19 17:30:07,936: INFO/MainProcess] Scheduler: Sending due task scheduler (frappe.tasks.enqueue_scheduler_events)
[2015-02-19 17:35:08,043: INFO/MainProcess] Scheduler: Sending due task scheduler (frappe.tasks.enqueue_scheduler_events)
[2015-02-19 17:40:08,060: INFO/MainProcess] Scheduler: Sending due task scheduler (frappe.tasks.enqueue_scheduler_events)
[2015-02-19 17:45:08,180: INFO/MainProcess] Scheduler: Sending due task scheduler (frappe.tasks.enqueue_scheduler_events)
[2015-02-19 17:50:08,287: INFO/MainProcess] Scheduler: Sending due task scheduler (frappe.tasks.enqueue_scheduler_events)
[2015-02-19 17:55:08,308: INFO/MainProcess] Scheduler: Sending due task scheduler (frappe.tasks.enqueue_scheduler_events)
[2015-02-19 18:00:08,457: INFO/MainProcess] Scheduler: Sending due task scheduler (frappe.tasks.enqueue_scheduler_events)
[2015-02-19 18:05:08,642: INFO/MainProcess] Scheduler: Sending due task scheduler (frappe.tasks.enqueue_scheduler_events)
[2015-02-19 18:10:08,749: INFO/MainProcess] Scheduler: Sending due task scheduler (frappe.tasks.enqueue_scheduler_events)
[2015-02-19 18:15:08,857: INFO/MainProcess] Scheduler: Sending due task scheduler (frappe.tasks.enqueue_scheduler_events)
[2015-02-19 18:20:09,097: INFO/MainProcess] Scheduler: Sending due task scheduler (frappe.tasks.enqueue_scheduler_events)
[2015-02-19 18:25:09,250: INFO/MainProcess] Scheduler: Sending due task scheduler (frappe.tasks.enqueue_scheduler_events)
[2015-02-19 18:30:09,372: INFO/MainProcess] Scheduler: Sending due task scheduler (frappe.tasks.enqueue_scheduler_events)
[2015-02-19 18:35:09,436: INFO/MainProcess] Scheduler: Sending due task scheduler (frappe.tasks.enqueue_scheduler_events)
[2015-02-19 18:40:09,553: INFO/MainProcess] Scheduler: Sending due task scheduler (frappe.tasks.enqueue_scheduler_events)
[2015-02-19 18:45:09,670: INFO/MainProcess] Scheduler: Sending due task scheduler (frappe.tasks.enqueue_scheduler_events)
[2015-02-19 18:50:09,779: INFO/MainProcess] Scheduler: Sending due task scheduler (frappe.tasks.enqueue_scheduler_events)
[2015-02-19 18:55:09,863: INFO/MainProcess] Scheduler: Sending due task scheduler (frappe.tasks.enqueue_scheduler_events)
[2015-02-19 19:00:09,973: INFO/MainProcess] Scheduler: Sending due task scheduler (frappe.tasks.enqueue_scheduler_events)
[2015-02-19 19:05:10,084: INFO/MainProcess] Scheduler: Sending due task scheduler (frappe.tasks.enqueue_scheduler_events)
[2015-02-19 19:10:10,204: INFO/MainProcess] Scheduler: Sending due task scheduler (frappe.tasks.enqueue_scheduler_events)
ERROR: Pidfile (celerybeat.pid) already exists.
Seems we're already running? (pid: 2490)
ERROR: Pidfile (celerybeat.pid) already exists.
Seems we're already running? (pid: 2490)
ERROR: Pidfile (celerybeat.pid) already exists.
Seems we're already running? (pid: 2490)
ERROR: Pidfile (celerybeat.pid) already exists.
Seems we're already running? (pid: 2490)
ERROR: Pidfile (celerybeat.pid) already exists.
Seems we're already running? (pid: 2490)
